TN:
SF:utils.js
FN:4,(anonymous_0)
FN:9,(anonymous_1)
FN:14,(anonymous_2)
FN:19,(anonymous_3)
FN:24,(anonymous_4)
FN:33,(anonymous_5)
FN:38,(anonymous_6)
FN:39,(anonymous_7)
FN:42,(anonymous_8)
FN:47,(anonymous_9)
FN:52,(anonymous_10)
FN:59,(anonymous_11)
FN:64,(anonymous_12)
FN:74,(anonymous_13)
FN:84,(anonymous_14)
FN:95,(anonymous_15)
FN:96,(anonymous_16)
FN:99,(anonymous_17)
FN:100,(anonymous_18)
FN:103,(anonymous_19)
FN:104,(anonymous_20)
FN:110,(anonymous_21)
FN:115,(anonymous_22)
FN:120,(anonymous_23)
FN:125,(anonymous_24)
FN:129,(anonymous_25)
FN:135,(anonymous_26)
FN:136,(anonymous_27)
FN:141,(anonymous_28)
FN:142,(anonymous_29)
FN:146,(anonymous_30)
FN:148,(anonymous_31)
FN:151,(anonymous_32)
FN:152,(anonymous_33)
FN:155,(anonymous_34)
FN:156,(anonymous_35)
FN:162,(anonymous_36)
FN:164,(anonymous_37)
FN:165,(anonymous_38)
FN:166,(anonymous_39)
FN:180,(anonymous_40)
FN:184,(anonymous_41)
FN:197,(anonymous_42)
FN:206,(anonymous_43)
FN:216,(anonymous_44)
FN:223,(anonymous_45)
FN:228,(anonymous_46)
FN:234,(anonymous_47)
FN:254,(anonymous_48)
FN:257,(anonymous_49)
FN:259,(anonymous_50)
FN:264,(anonymous_51)
FN:266,executedFunction
FN:267,(anonymous_53)
FN:277,(anonymous_54)
FN:279,(anonymous_55)
FN:283,(anonymous_56)
FN:289,(anonymous_57)
FN:292,(anonymous_58)
FN:305,(anonymous_59)
FN:308,(anonymous_60)
FNF:61
FNH:4
FNDA:0,(anonymous_0)
FNDA:0,(anonymous_1)
FNDA:0,(anonymous_2)
FNDA:0,(anonymous_3)
FNDA:0,(anonymous_4)
FNDA:0,(anonymous_5)
FNDA:0,(anonymous_6)
FNDA:0,(anonymous_7)
FNDA:0,(anonymous_8)
FNDA:0,(anonymous_9)
FNDA:0,(anonymous_10)
FNDA:0,(anonymous_11)
FNDA:0,(anonymous_12)
FNDA:0,(anonymous_13)
FNDA:0,(anonymous_14)
FNDA:0,(anonymous_15)
FNDA:0,(anonymous_16)
FNDA:0,(anonymous_17)
FNDA:0,(anonymous_18)
FNDA:0,(anonymous_19)
FNDA:0,(anonymous_20)
FNDA:2,(anonymous_21)
FNDA:2,(anonymous_22)
FNDA:0,(anonymous_23)
FNDA:0,(anonymous_24)
FNDA:0,(anonymous_25)
FNDA:0,(anonymous_26)
FNDA:0,(anonymous_27)
FNDA:0,(anonymous_28)
FNDA:0,(anonymous_29)
FNDA:0,(anonymous_30)
FNDA:0,(anonymous_31)
FNDA:0,(anonymous_32)
FNDA:0,(anonymous_33)
FNDA:0,(anonymous_34)
FNDA:0,(anonymous_35)
FNDA:0,(anonymous_36)
FNDA:0,(anonymous_37)
FNDA:0,(anonymous_38)
FNDA:0,(anonymous_39)
FNDA:0,(anonymous_40)
FNDA:0,(anonymous_41)
FNDA:0,(anonymous_42)
FNDA:0,(anonymous_43)
FNDA:0,(anonymous_44)
FNDA:0,(anonymous_45)
FNDA:0,(anonymous_46)
FNDA:0,(anonymous_47)
FNDA:0,(anonymous_48)
FNDA:0,(anonymous_49)
FNDA:0,(anonymous_50)
FNDA:0,(anonymous_51)
FNDA:0,executedFunction
FNDA:0,(anonymous_53)
FNDA:0,(anonymous_54)
FNDA:0,(anonymous_55)
FNDA:0,(anonymous_56)
FNDA:8,(anonymous_57)
FNDA:3,(anonymous_58)
FNDA:0,(anonymous_59)
FNDA:0,(anonymous_60)
DA:5,0
DA:6,0
DA:10,0
DA:11,0
DA:15,0
DA:16,0
DA:20,0
DA:21,0
DA:25,0
DA:26,0
DA:27,0
DA:28,0
DA:29,0
DA:34,0
DA:35,0
DA:39,0
DA:43,0
DA:44,0
DA:48,0
DA:53,0
DA:54,0
DA:55,0
DA:56,0
DA:60,0
DA:65,0
DA:66,0
DA:67,0
DA:69,0
DA:70,0
DA:75,0
DA:76,0
DA:77,0
DA:79,0
DA:80,0
DA:85,0
DA:86,0
DA:87,0
DA:89,0
DA:90,0
DA:96,0
DA:100,0
DA:104,0
DA:105,0
DA:111,2
DA:112,2
DA:116,2
DA:117,2
DA:121,0
DA:126,0
DA:130,0
DA:131,0
DA:136,0
DA:137,0
DA:142,0
DA:147,0
DA:148,0
DA:152,0
DA:156,0
DA:157,0
DA:163,0
DA:164,0
DA:165,0
DA:166,0
DA:167,0
DA:169,0
DA:181,0
DA:185,0
DA:193,0
DA:198,0
DA:199,0
DA:207,0
DA:217,0
DA:218,0
DA:219,0
DA:220,0
DA:224,0
DA:225,0
DA:229,0
DA:230,0
DA:235,0
DA:236,0
DA:251,0
DA:254,0
DA:257,0
DA:258,0
DA:259,0
DA:266,0
DA:267,0
DA:268,0
DA:269,0
DA:271,0
DA:272,0
DA:279,0
DA:280,0
DA:281,0
DA:282,0
DA:283,0
DA:290,8
DA:291,4
DA:292,4
DA:293,3
DA:294,3
DA:295,3
DA:296,4
DA:297,4
DA:300,3
DA:306,0
DA:308,0
DA:309,0
DA:312,0
DA:313,0
DA:317,0
DA:318,0
DA:322,0
DA:323,0
DA:329,1
DA:330,1
DA:332,0
LF:118
LH:15
BRDA:5,0,0,0
BRDA:5,0,1,0
BRDA:10,1,0,0
BRDA:10,1,1,0
BRDA:15,2,0,0
BRDA:15,2,1,0
BRDA:20,3,0,0
BRDA:20,3,1,0
BRDA:25,4,0,0
BRDA:25,4,1,0
BRDA:28,5,0,0
BRDA:28,5,1,0
BRDA:34,6,0,0
BRDA:34,6,1,0
BRDA:42,7,0,0
BRDA:43,8,0,0
BRDA:43,8,1,0
BRDA:43,9,0,0
BRDA:43,9,1,0
BRDA:52,10,0,0
BRDA:53,11,0,0
BRDA:53,11,1,0
BRDA:55,12,0,0
BRDA:55,12,1,0
BRDA:59,13,0,0
BRDA:64,14,0,0
BRDA:67,15,0,0
BRDA:67,15,1,0
BRDA:105,16,0,0
BRDA:105,16,1,0
BRDA:117,17,0,2
BRDA:117,17,1,1
BRDA:121,18,0,0
BRDA:121,18,1,0
BRDA:126,19,0,0
BRDA:126,19,1,0
BRDA:131,20,0,0
BRDA:131,20,1,0
BRDA:141,21,0,0
BRDA:147,22,0,0
BRDA:147,22,1,0
BRDA:157,23,0,0
BRDA:157,23,1,0
BRDA:175,24,0,0
BRDA:175,24,1,0
BRDA:181,25,0,0
BRDA:181,25,1,0
BRDA:193,26,0,0
BRDA:193,26,1,0
BRDA:197,27,0,0
BRDA:201,28,0,0
BRDA:201,28,1,0
BRDA:206,29,0,0
BRDA:206,30,0,0
BRDA:216,31,0,0
BRDA:216,32,0,0
BRDA:218,33,0,0
BRDA:218,33,1,0
BRDA:219,34,0,0
BRDA:219,34,1,0
BRDA:225,35,0,0
BRDA:225,35,1,0
BRDA:230,36,0,0
BRDA:230,36,1,0
BRDA:234,37,0,0
BRDA:234,38,0,0
BRDA:241,39,0,0
BRDA:241,39,1,0
BRDA:241,40,0,0
BRDA:241,40,1,0
BRDA:280,41,0,0
BRDA:280,41,1,0
BRDA:290,42,0,4
BRDA:290,42,1,4
BRDA:290,43,0,8
BRDA:290,43,1,8
BRDA:291,44,0,0
BRDA:291,44,1,4
BRDA:292,45,0,1
BRDA:292,45,1,3
BRDA:293,46,0,3
BRDA:293,46,1,0
BRDA:296,47,0,4
BRDA:296,47,1,0
BRDA:312,48,0,0
BRDA:312,48,1,0
BRDA:317,49,0,0
BRDA:317,49,1,0
BRDA:329,50,0,1
BRDA:329,50,1,0
BRDA:329,51,0,1
BRDA:329,51,1,1
BRF:92
BRH:14
end_of_record
TN:
SF:models\Task.js
FN:3,(anonymous_0)
FN:25,(anonymous_1)
FN:58,(anonymous_2)
FN:62,(anonymous_3)
FN:76,(anonymous_4)
FN:81,(anonymous_5)
FN:90,(anonymous_6)
FN:94,(anonymous_7)
FN:99,(anonymous_8)
FN:103,(anonymous_9)
FN:107,(anonymous_10)
FN:119,(anonymous_11)
FN:139,(anonymous_12)
FN:147,(anonymous_13)
FN:163,(anonymous_14)
FN:185,(anonymous_15)
FN:206,(anonymous_16)
FN:207,(anonymous_17)
FN:210,(anonymous_18)
FN:220,(anonymous_19)
FN:243,(anonymous_20)
FN:246,(anonymous_21)
FN:250,(anonymous_22)
FN:254,(anonymous_23)
FN:258,(anonymous_24)
FN:262,(anonymous_25)
FN:266,(anonymous_26)
FN:270,(anonymous_27)
FN:274,(anonymous_28)
FN:279,(anonymous_29)
FN:286,(anonymous_30)
FN:293,(anonymous_31)
FN:300,(anonymous_32)
FN:309,(anonymous_33)
FN:315,(anonymous_34)
FN:324,(anonymous_35)
FN:333,(anonymous_36)
FN:339,(anonymous_37)
FN:345,(anonymous_38)
FN:353,(anonymous_39)
FN:354,(anonymous_40)
FN:360,(anonymous_41)
FN:364,(anonymous_42)
FN:368,(anonymous_43)
FN:372,(anonymous_44)
FN:376,(anonymous_45)
FN:380,(anonymous_46)
FN:385,(anonymous_47)
FN:390,(anonymous_48)
FN:391,(anonymous_49)
FN:394,(anonymous_50)
FN:399,(anonymous_51)
FN:405,(anonymous_52)
FN:426,(anonymous_53)
FN:430,(anonymous_54)
FN:439,(anonymous_55)
FN:443,(anonymous_56)
FN:455,(anonymous_57)
FN:460,(anonymous_58)
FNF:59
FNH:27
FNDA:30,(anonymous_0)
FNDA:30,(anonymous_1)
FNDA:19,(anonymous_2)
FNDA:28,(anonymous_3)
FNDA:11,(anonymous_4)
FNDA:1,(anonymous_5)
FNDA:11,(anonymous_6)
FNDA:1,(anonymous_7)
FNDA:25,(anonymous_8)
FNDA:18,(anonymous_9)
FNDA:2,(anonymous_10)
FNDA:0,(anonymous_11)
FNDA:1,(anonymous_12)
FNDA:1,(anonymous_13)
FNDA:3,(anonymous_14)
FNDA:5,(anonymous_15)
FNDA:4,(anonymous_16)
FNDA:0,(anonymous_17)
FNDA:2,(anonymous_18)
FNDA:1,(anonymous_19)
FNDA:0,(anonymous_20)
FNDA:34,(anonymous_21)
FNDA:1,(anonymous_22)
FNDA:2,(anonymous_23)
FNDA:2,(anonymous_24)
FNDA:0,(anonymous_25)
FNDA:0,(anonymous_26)
FNDA:0,(anonymous_27)
FNDA:0,(anonymous_28)
FNDA:1,(anonymous_29)
FNDA:5,(anonymous_30)
FNDA:0,(anonymous_31)
FNDA:0,(anonymous_32)
FNDA:0,(anonymous_33)
FNDA:1,(anonymous_34)
FNDA:0,(anonymous_35)
FNDA:0,(anonymous_36)
FNDA:0,(anonymous_37)
FNDA:0,(anonymous_38)
FNDA:0,(anonymous_39)
FNDA:0,(anonymous_40)
FNDA:0,(anonymous_41)
FNDA:0,(anonymous_42)
FNDA:0,(anonymous_43)
FNDA:0,(anonymous_44)
FNDA:0,(anonymous_45)
FNDA:0,(anonymous_46)
FNDA:0,(anonymous_47)
FNDA:0,(anonymous_48)
FNDA:0,(anonymous_49)
FNDA:0,(anonymous_50)
FNDA:0,(anonymous_51)
FNDA:34,(anonymous_52)
FNDA:11,(anonymous_53)
FNDA:0,(anonymous_54)
FNDA:0,(anonymous_55)
FNDA:0,(anonymous_56)
FNDA:0,(anonymous_57)
FNDA:0,(anonymous_58)
DA:4,30
DA:5,30
DA:6,30
DA:7,30
DA:8,30
DA:9,30
DA:10,30
DA:11,30
DA:12,30
DA:13,30
DA:14,30
DA:15,30
DA:16,30
DA:17,30
DA:18,30
DA:19,30
DA:21,30
DA:26,30
DA:28,30
DA:29,1
DA:32,30
DA:33,0
DA:36,30
DA:37,0
DA:40,30
DA:41,0
DA:44,30
DA:45,0
DA:48,30
DA:49,0
DA:52,30
DA:53,1
DA:59,19
DA:63,28
DA:77,11
DA:78,11
DA:82,1
DA:83,1
DA:84,1
DA:85,1
DA:86,1
DA:91,11
DA:95,1
DA:100,25
DA:104,18
DA:108,2
DA:110,2
DA:111,2
DA:112,2
DA:114,2
DA:116,2
DA:120,0
DA:121,0
DA:123,0
DA:124,0
DA:126,0
DA:127,0
DA:128,0
DA:130,0
DA:131,0
DA:132,0
DA:133,0
DA:135,0
DA:140,1
DA:141,1
DA:143,1
DA:144,1
DA:148,1
DA:149,1
DA:151,1
DA:153,1
DA:155,1
DA:156,0
DA:157,0
DA:159,0
DA:164,3
DA:165,3
DA:167,3
DA:168,3
DA:170,3
DA:171,3
DA:173,3
DA:174,3
DA:177,3
DA:178,3
DA:182,0
DA:186,5
DA:188,5
DA:190,1
DA:191,1
DA:193,1
DA:194,1
DA:196,3
DA:197,3
DA:199,0
DA:200,0
DA:203,5
DA:207,4
DA:211,2
DA:216,2
DA:217,2
DA:221,1
DA:223,1
DA:224,1
DA:225,1
DA:227,1
DA:228,3
DA:230,2
DA:231,2
DA:233,2
DA:234,1
DA:243,1
DA:247,34
DA:251,1
DA:255,2
DA:259,2
DA:263,0
DA:267,0
DA:271,0
DA:275,0
DA:280,1
DA:281,1
DA:282,1
DA:283,1
DA:287,5
DA:288,5
DA:289,5
DA:290,5
DA:294,0
DA:295,0
DA:296,0
DA:301,0
DA:302,0
DA:304,0
DA:305,0
DA:306,0
DA:310,0
DA:311,0
DA:312,0
DA:316,1
DA:317,0
DA:319,1
DA:320,1
DA:321,1
DA:325,0
DA:326,0
DA:328,0
DA:329,0
DA:330,0
DA:334,0
DA:335,0
DA:336,0
DA:340,0
DA:341,0
DA:342,0
DA:346,0
DA:347,0
DA:348,0
DA:350,0
DA:354,0
DA:355,0
DA:356,0
DA:361,0
DA:365,0
DA:369,0
DA:373,0
DA:377,0
DA:381,0
DA:386,0
DA:387,0
DA:391,0
DA:395,0
DA:396,0
DA:400,0
DA:401,0
DA:406,34
DA:427,11
DA:431,0
DA:440,0
DA:444,0
DA:446,0
DA:456,0
DA:461,0
DA:466,5
DA:467,5
DA:469,0
LF:186
LH:109
BRDA:3,0,0,0
BRDA:4,1,0,30
BRDA:4,1,1,19
BRDA:5,2,0,30
BRDA:5,2,1,1
BRDA:6,3,0,30
BRDA:6,3,1,28
BRDA:7,4,0,30
BRDA:7,4,1,29
BRDA:8,5,0,30
BRDA:8,5,1,25
BRDA:9,6,0,30
BRDA:9,6,1,25
BRDA:10,7,0,30
BRDA:10,7,1,14
BRDA:11,8,0,30
BRDA:11,8,1,30
BRDA:11,8,2,14
BRDA:12,9,0,30
BRDA:12,9,1,28
BRDA:13,10,0,30
BRDA:13,10,1,30
BRDA:14,11,0,30
BRDA:14,11,1,18
BRDA:15,12,0,30
BRDA:15,12,1,18
BRDA:16,13,0,30
BRDA:16,13,1,30
BRDA:17,14,0,30
BRDA:17,14,1,30
BRDA:18,15,0,30
BRDA:18,15,1,25
BRDA:19,16,0,30
BRDA:19,16,1,28
BRDA:28,17,0,1
BRDA:28,17,1,29
BRDA:28,18,0,30
BRDA:28,18,1,29
BRDA:32,19,0,0
BRDA:32,19,1,30
BRDA:32,20,0,30
BRDA:32,20,1,29
BRDA:36,21,0,0
BRDA:36,21,1,30
BRDA:36,22,0,30
BRDA:36,22,1,2
BRDA:40,23,0,0
BRDA:40,23,1,30
BRDA:44,24,0,0
BRDA:44,24,1,30
BRDA:48,25,0,0
BRDA:48,25,1,30
BRDA:48,26,0,30
BRDA:48,26,1,16
BRDA:52,27,0,1
BRDA:52,27,1,29
BRDA:77,28,0,0
BRDA:77,28,1,11
BRDA:82,29,0,0
BRDA:82,29,1,1
BRDA:85,30,0,0
BRDA:85,30,1,1
BRDA:91,31,0,11
BRDA:91,31,1,11
BRDA:104,32,0,18
BRDA:104,32,1,0
BRDA:108,33,0,0
BRDA:108,33,1,2
BRDA:114,34,0,0
BRDA:114,34,1,2
BRDA:121,35,0,0
BRDA:121,35,1,0
BRDA:124,36,0,0
BRDA:124,36,1,0
BRDA:130,37,0,0
BRDA:130,37,1,0
BRDA:131,38,0,0
BRDA:131,38,1,0
BRDA:132,39,0,0
BRDA:132,39,1,0
BRDA:133,40,0,0
BRDA:133,40,1,0
BRDA:135,41,0,0
BRDA:135,41,1,0
BRDA:139,42,0,0
BRDA:141,43,0,0
BRDA:141,43,1,1
BRDA:141,44,0,1
BRDA:141,44,1,1
BRDA:149,45,0,0
BRDA:149,45,1,1
BRDA:151,46,0,0
BRDA:151,46,1,1
BRDA:155,47,0,1
BRDA:155,47,1,0
BRDA:156,48,0,0
BRDA:156,48,1,0
BRDA:157,49,0,0
BRDA:157,49,1,0
BRDA:164,50,0,0
BRDA:164,50,1,3
BRDA:164,51,0,3
BRDA:164,51,1,3
BRDA:165,52,0,0
BRDA:165,52,1,3
BRDA:171,53,0,0
BRDA:171,53,1,3
BRDA:177,54,0,3
BRDA:177,54,1,0
BRDA:177,55,0,3
BRDA:177,55,1,3
BRDA:188,56,0,1
BRDA:188,56,1,1
BRDA:188,56,2,3
BRDA:188,56,3,0
BRDA:210,57,0,2
BRDA:221,58,0,0
BRDA:221,58,1,1
BRDA:221,59,0,1
BRDA:221,59,1,1
BRDA:228,60,0,1
BRDA:228,60,1,2
BRDA:233,61,0,1
BRDA:233,61,1,1
BRDA:233,62,0,2
BRDA:233,62,1,1
BRDA:271,63,0,0
BRDA:271,63,1,0
BRDA:275,64,0,0
BRDA:275,64,1,0
BRDA:279,65,0,0
BRDA:282,66,0,1
BRDA:282,66,1,0
BRDA:286,67,0,4
BRDA:289,68,0,1
BRDA:289,68,1,4
BRDA:301,69,0,0
BRDA:301,69,1,0
BRDA:301,70,0,0
BRDA:301,70,1,0
BRDA:310,71,0,0
BRDA:310,71,1,0
BRDA:316,72,0,0
BRDA:316,72,1,1
BRDA:325,73,0,0
BRDA:325,73,1,0
BRDA:325,74,0,0
BRDA:325,74,1,0
BRDA:346,75,0,0
BRDA:346,75,1,0
BRDA:346,76,0,0
BRDA:346,76,1,0
BRDA:380,77,0,0
BRDA:386,78,0,0
BRDA:386,78,1,0
BRDA:396,79,0,0
BRDA:396,79,1,0
BRDA:399,80,0,0
BRDA:400,81,0,0
BRDA:400,81,1,0
BRDA:400,82,0,0
BRDA:400,82,1,0
BRDA:430,83,0,0
BRDA:440,84,0,0
BRDA:440,84,1,0
BRDA:444,85,0,0
BRDA:444,85,1,0
BRDA:446,86,0,0
BRDA:446,86,1,0
BRDA:446,86,2,0
BRDA:446,86,3,0
BRDA:446,86,4,0
BRDA:446,86,5,0
BRDA:466,87,0,5
BRDA:466,87,1,0
BRDA:466,88,0,5
BRDA:466,88,1,5
BRF:177
BRH:93
end_of_record
TN:
SF:services\DeadlineService.js
FN:3,(anonymous_0)
FN:16,(anonymous_1)
FN:20,(anonymous_2)
FN:27,(anonymous_3)
FN:36,(anonymous_4)
FN:52,(anonymous_5)
FN:95,(anonymous_6)
FN:120,(anonymous_7)
FN:160,(anonymous_8)
FN:177,(anonymous_9)
FN:184,(anonymous_10)
FN:199,(anonymous_11)
FN:203,(anonymous_12)
FN:216,(anonymous_13)
FN:225,(anonymous_14)
FN:237,(anonymous_15)
FN:272,(anonymous_16)
FN:281,(anonymous_17)
FN:285,(anonymous_18)
FN:293,(anonymous_19)
FN:305,(anonymous_20)
FN:310,(anonymous_21)
FN:315,(anonymous_22)
FN:324,(anonymous_23)
FN:325,(anonymous_24)
FN:330,(anonymous_25)
FN:339,(anonymous_26)
FN:341,(anonymous_27)
FN:342,(anonymous_28)
FN:348,(anonymous_29)
FN:357,(anonymous_30)
FN:375,(anonymous_31)
FN:386,(anonymous_32)
FN:392,(anonymous_33)
FN:417,(anonymous_34)
FNF:35
FNH:17
FNDA:4,(anonymous_0)
FNDA:5,(anonymous_1)
FNDA:0,(anonymous_2)
FNDA:2,(anonymous_3)
FNDA:1,(anonymous_4)
FNDA:0,(anonymous_5)
FNDA:0,(anonymous_6)
FNDA:0,(anonymous_7)
FNDA:0,(anonymous_8)
FNDA:0,(anonymous_9)
FNDA:0,(anonymous_10)
FNDA:0,(anonymous_11)
FNDA:0,(anonymous_12)
FNDA:0,(anonymous_13)
FNDA:0,(anonymous_14)
FNDA:0,(anonymous_15)
FNDA:1,(anonymous_16)
FNDA:1,(anonymous_17)
FNDA:1,(anonymous_18)
FNDA:2,(anonymous_19)
FNDA:6,(anonymous_20)
FNDA:0,(anonymous_21)
FNDA:1,(anonymous_22)
FNDA:1,(anonymous_23)
FNDA:0,(anonymous_24)
FNDA:1,(anonymous_25)
FNDA:3,(anonymous_26)
FNDA:3,(anonymous_27)
FNDA:3,(anonymous_28)
FNDA:3,(anonymous_29)
FNDA:3,(anonymous_30)
FNDA:0,(anonymous_31)
FNDA:0,(anonymous_32)
FNDA:0,(anonymous_33)
FNDA:0,(anonymous_34)
DA:4,4
DA:5,4
DA:6,4
DA:7,4
DA:8,4
DA:9,4
DA:12,4
DA:17,5
DA:19,5
DA:20,5
DA:21,0
DA:24,5
DA:28,2
DA:29,2
DA:30,2
DA:32,2
DA:33,2
DA:37,1
DA:38,1
DA:39,1
DA:42,1
DA:45,1
DA:46,1
DA:47,1
DA:53,0
DA:54,0
DA:55,0
DA:58,0
DA:59,0
DA:60,0
DA:61,0
DA:62,0
DA:65,0
DA:66,0
DA:68,0
DA:69,0
DA:70,0
DA:71,0
DA:74,0
DA:75,0
DA:80,0
DA:86,0
DA:87,0
DA:91,0
DA:96,0
DA:97,0
DA:99,0
DA:102,0
DA:103,0
DA:110,0
DA:112,0
DA:115,0
DA:121,0
DA:122,0
DA:124,0
DA:144,0
DA:145,0
DA:149,0
DA:152,0
DA:153,0
DA:154,0
DA:157,0
DA:162,0
DA:163,0
DA:166,0
DA:167,0
DA:170,0
DA:171,0
DA:174,0
DA:178,0
DA:179,0
DA:180,0
DA:181,0
DA:185,0
DA:187,0
DA:188,0
DA:189,0
DA:198,0
DA:199,0
DA:203,0
DA:204,0
DA:205,0
DA:207,0
DA:211,0
DA:217,0
DA:218,0
DA:219,0
DA:220,0
DA:221,0
DA:227,0
DA:233,0
DA:238,0
DA:239,0
DA:242,0
DA:243,0
DA:244,0
DA:247,0
DA:248,0
DA:249,0
DA:252,0
DA:262,0
DA:264,0
DA:265,0
DA:268,0
DA:273,1
DA:274,0
DA:277,1
DA:278,1
DA:280,1
DA:282,1
DA:283,1
DA:285,1
DA:290,1
DA:294,2
DA:295,0
DA:298,2
DA:299,2
DA:301,2
DA:302,2
DA:304,2
DA:306,6
DA:307,6
DA:308,6
DA:310,0
DA:312,2
DA:316,1
DA:317,0
DA:320,1
DA:321,1
DA:323,1
DA:324,1
DA:325,0
DA:327,1
DA:331,1
DA:332,0
DA:335,1
DA:336,1
DA:338,1
DA:339,3
DA:341,3
DA:342,1
DA:343,3
DA:344,3
DA:345,3
DA:348,1
DA:349,3
DA:350,3
DA:351,3
DA:352,3
DA:355,1
DA:357,3
DA:359,1
DA:376,0
DA:377,0
DA:380,0
DA:387,0
DA:388,0
DA:393,0
DA:394,0
DA:397,0
DA:398,0
DA:401,0
DA:402,0
DA:405,0
DA:406,0
DA:407,0
DA:412,0
DA:418,0
DA:419,0
DA:420,0
DA:421,0
DA:426,2
DA:427,2
DA:429,0
LF:174
LH:67
BRDA:3,0,0,0
BRDA:3,1,0,4
BRDA:17,2,0,0
BRDA:17,2,1,5
BRDA:28,3,0,2
BRDA:28,3,1,0
BRDA:37,4,0,1
BRDA:37,4,1,0
BRDA:45,5,0,1
BRDA:45,5,1,0
BRDA:53,6,0,0
BRDA:53,6,1,0
BRDA:60,7,0,0
BRDA:60,7,1,0
BRDA:70,8,0,0
BRDA:70,8,1,0
BRDA:70,9,0,0
BRDA:70,9,1,0
BRDA:74,10,0,0
BRDA:74,10,1,0
BRDA:86,11,0,0
BRDA:86,11,1,0
BRDA:102,12,0,0
BRDA:102,12,1,0
BRDA:137,13,0,0
BRDA:137,13,1,0
BRDA:144,14,0,0
BRDA:144,14,1,0
BRDA:152,15,0,0
BRDA:152,15,1,0
BRDA:152,16,0,0
BRDA:152,16,1,0
BRDA:162,17,0,0
BRDA:162,17,1,0
BRDA:166,18,0,0
BRDA:166,18,1,0
BRDA:166,19,0,0
BRDA:166,19,1,0
BRDA:166,19,2,0
BRDA:170,20,0,0
BRDA:170,20,1,0
BRDA:170,21,0,0
BRDA:170,21,1,0
BRDA:178,22,0,0
BRDA:178,22,1,0
BRDA:179,23,0,0
BRDA:179,23,1,0
BRDA:180,24,0,0
BRDA:180,24,1,0
BRDA:180,25,0,0
BRDA:180,25,1,0
BRDA:185,26,0,0
BRDA:185,26,1,0
BRDA:187,27,0,0
BRDA:187,27,1,0
BRDA:198,28,0,0
BRDA:198,28,1,0
BRDA:217,29,0,0
BRDA:217,29,1,0
BRDA:217,29,2,0
BRDA:217,29,3,0
BRDA:237,30,0,0
BRDA:238,31,0,0
BRDA:238,31,1,0
BRDA:243,32,0,0
BRDA:243,32,1,0
BRDA:248,33,0,0
BRDA:248,33,1,0
BRDA:256,34,0,0
BRDA:256,34,1,0
BRDA:264,35,0,0
BRDA:264,35,1,0
BRDA:264,36,0,0
BRDA:264,36,1,0
BRDA:273,37,0,0
BRDA:273,37,1,1
BRDA:278,38,0,0
BRDA:278,38,1,1
BRDA:283,39,0,1
BRDA:283,39,1,1
BRDA:293,40,0,0
BRDA:294,41,0,0
BRDA:294,41,1,2
BRDA:299,42,0,0
BRDA:299,42,1,2
BRDA:306,43,0,0
BRDA:306,43,1,6
BRDA:306,44,0,6
BRDA:306,44,1,6
BRDA:308,45,0,6
BRDA:308,45,1,4
BRDA:316,46,0,0
BRDA:316,46,1,1
BRDA:321,47,0,0
BRDA:321,47,1,1
BRDA:324,48,0,1
BRDA:324,48,1,1
BRDA:331,49,0,0
BRDA:331,49,1,1
BRDA:336,50,0,0
BRDA:336,50,1,1
BRDA:341,51,0,3
BRDA:341,51,1,1
BRDA:343,52,0,0
BRDA:343,52,1,3
BRDA:343,53,0,3
BRDA:343,53,1,3
BRDA:349,54,0,0
BRDA:349,54,1,3
BRDA:349,55,0,3
BRDA:349,55,1,3
BRDA:368,56,0,1
BRDA:368,56,1,0
BRDA:376,57,0,0
BRDA:376,57,1,0
BRDA:393,58,0,0
BRDA:393,58,1,0
BRDA:397,59,0,0
BRDA:397,59,1,0
BRDA:401,60,0,0
BRDA:401,60,1,0
BRDA:426,61,0,2
BRDA:426,61,1,0
BRDA:426,62,0,2
BRDA:426,62,1,2
BRF:125
BRH:34
end_of_record
TN:
SF:services\GroupService.js
FN:3,(anonymous_0)
FN:9,(anonymous_1)
FN:19,(anonymous_2)
FN:29,(anonymous_3)
FN:38,(anonymous_4)
FN:47,(anonymous_5)
FN:48,(anonymous_6)
FN:52,(anonymous_7)
FN:54,(anonymous_8)
FN:57,(anonymous_9)
FN:58,(anonymous_10)
FN:63,(anonymous_11)
FN:85,(anonymous_12)
FN:93,(anonymous_13)
FN:97,(anonymous_14)
FN:98,(anonymous_15)
FN:102,(anonymous_16)
FN:103,(anonymous_17)
FN:109,(anonymous_18)
FN:110,(anonymous_19)
FN:116,(anonymous_20)
FN:118,(anonymous_21)
FN:156,(anonymous_22)
FN:157,(anonymous_23)
FN:181,(anonymous_24)
FN:213,(anonymous_25)
FN:247,(anonymous_26)
FN:278,(anonymous_27)
FN:310,(anonymous_28)
FN:314,(anonymous_29)
FN:318,(anonymous_30)
FN:344,(anonymous_31)
FN:355,(anonymous_32)
FN:366,(anonymous_33)
FN:377,(anonymous_34)
FN:388,(anonymous_35)
FN:400,(anonymous_36)
FN:405,(anonymous_37)
FN:412,(anonymous_38)
FN:420,(anonymous_39)
FN:421,(anonymous_40)
FN:425,(anonymous_41)
FN:426,(anonymous_42)
FN:430,(anonymous_43)
FN:431,(anonymous_44)
FN:436,(anonymous_45)
FN:438,(anonymous_46)
FN:439,(anonymous_47)
FN:440,(anonymous_48)
FN:441,(anonymous_49)
FN:442,(anonymous_50)
FN:462,(anonymous_51)
FN:463,(anonymous_52)
FN:467,(anonymous_53)
FN:468,(anonymous_54)
FN:469,(anonymous_55)
FN:471,(anonymous_56)
FN:472,(anonymous_57)
FN:486,(anonymous_58)
FN:490,(anonymous_59)
FN:502,(anonymous_60)
FN:541,(anonymous_61)
FN:556,(anonymous_62)
FN:572,(anonymous_63)
FN:574,(anonymous_64)
FN:587,(anonymous_65)
FN:594,(anonymous_66)
FN:612,(anonymous_67)
FN:619,(anonymous_68)
FNF:69
FNH:18
FNDA:4,(anonymous_0)
FNDA:4,(anonymous_1)
FNDA:8,(anonymous_2)
FNDA:15,(anonymous_3)
FNDA:0,(anonymous_4)
FNDA:3,(anonymous_5)
FNDA:2,(anonymous_6)
FNDA:4,(anonymous_7)
FNDA:0,(anonymous_8)
FNDA:8,(anonymous_9)
FNDA:7,(anonymous_10)
FNDA:4,(anonymous_11)
FNDA:3,(anonymous_12)
FNDA:0,(anonymous_13)
FNDA:0,(anonymous_14)
FNDA:0,(anonymous_15)
FNDA:1,(anonymous_16)
FNDA:1,(anonymous_17)
FNDA:0,(anonymous_18)
FNDA:0,(anonymous_19)
FNDA:3,(anonymous_20)
FNDA:3,(anonymous_21)
FNDA:3,(anonymous_22)
FNDA:3,(anonymous_23)
FNDA:1,(anonymous_24)
FNDA:0,(anonymous_25)
FNDA:0,(anonymous_26)
FNDA:0,(anonymous_27)
FNDA:0,(anonymous_28)
FNDA:0,(anonymous_29)
FNDA:0,(anonymous_30)
FNDA:0,(anonymous_31)
FNDA:0,(anonymous_32)
FNDA:0,(anonymous_33)
FNDA:0,(anonymous_34)
FNDA:0,(anonymous_35)
FNDA:0,(anonymous_36)
FNDA:0,(anonymous_37)
FNDA:0,(anonymous_38)
FNDA:0,(anonymous_39)
FNDA:0,(anonymous_40)
FNDA:0,(anonymous_41)
FNDA:0,(anonymous_42)
FNDA:0,(anonymous_43)
FNDA:0,(anonymous_44)
FNDA:0,(anonymous_45)
FNDA:0,(anonymous_46)
FNDA:0,(anonymous_47)
FNDA:0,(anonymous_48)
FNDA:0,(anonymous_49)
FNDA:0,(anonymous_50)
FNDA:0,(anonymous_51)
FNDA:0,(anonymous_52)
FNDA:0,(anonymous_53)
FNDA:0,(anonymous_54)
FNDA:0,(anonymous_55)
FNDA:0,(anonymous_56)
FNDA:0,(anonymous_57)
FNDA:0,(anonymous_58)
FNDA:0,(anonymous_59)
FNDA:0,(anonymous_60)
FNDA:0,(anonymous_61)
FNDA:0,(anonymous_62)
FNDA:0,(anonymous_63)
FNDA:0,(anonymous_64)
FNDA:0,(anonymous_65)
FNDA:0,(anonymous_66)
FNDA:0,(anonymous_67)
FNDA:0,(anonymous_68)
DA:4,4
DA:5,4
DA:10,4
DA:11,4
DA:12,4
DA:14,0
DA:15,0
DA:20,8
DA:21,8
DA:22,8
DA:24,0
DA:25,0
DA:30,15
DA:39,0
DA:40,0
DA:48,3
DA:53,4
DA:54,4
DA:58,8
DA:59,8
DA:64,4
DA:65,4
DA:72,4
DA:73,4
DA:76,4
DA:77,4
DA:79,4
DA:81,0
DA:86,3
DA:87,3
DA:88,1
DA:90,2
DA:94,0
DA:98,0
DA:99,0
DA:103,1
DA:104,1
DA:106,1
DA:110,0
DA:111,0
DA:113,0
DA:117,3
DA:118,3
DA:119,3
DA:120,0
DA:123,3
DA:126,3
DA:127,1
DA:131,2
DA:133,2
DA:134,3
DA:135,3
DA:136,2
DA:137,1
DA:138,0
DA:139,1
DA:140,1
DA:141,0
DA:142,0
DA:143,0
DA:144,0
DA:149,2
DA:150,2
DA:152,0
DA:157,3
DA:158,3
DA:159,0
DA:162,3
DA:165,3
DA:166,1
DA:170,2
DA:171,1
DA:174,1
DA:175,1
DA:177,1
DA:182,1
DA:183,1
DA:184,1
DA:186,1
DA:189,1
DA:190,0
DA:194,1
DA:195,0
DA:199,1
DA:202,1
DA:203,0
DA:206,1
DA:207,1
DA:209,0
DA:214,0
DA:215,0
DA:216,0
DA:218,0
DA:221,0
DA:224,0
DA:225,0
DA:229,0
DA:230,0
DA:234,0
DA:235,0
DA:238,0
DA:239,0
DA:241,0
DA:243,0
DA:248,0
DA:249,0
DA:250,0
DA:252,0
DA:255,0
DA:256,0
DA:260,0
DA:261,0
DA:265,0
DA:266,0
DA:269,0
DA:270,0
DA:272,0
DA:274,0
DA:279,0
DA:280,0
DA:281,0
DA:283,0
DA:286,0
DA:287,0
DA:291,0
DA:292,0
DA:296,0
DA:297,0
DA:300,0
DA:301,0
DA:303,0
DA:305,0
DA:311,0
DA:315,0
DA:319,0
DA:320,0
DA:321,0
DA:323,0
DA:326,0
DA:327,0
DA:330,0
DA:331,0
DA:333,0
DA:336,0
DA:337,0
DA:339,0
DA:345,0
DA:346,0
DA:348,0
DA:349,0
DA:350,0
DA:352,0
DA:356,0
DA:357,0
DA:359,0
DA:360,0
DA:361,0
DA:363,0
DA:367,0
DA:368,0
DA:370,0
DA:371,0
DA:372,0
DA:374,0
DA:378,0
DA:379,0
DA:381,0
DA:382,0
DA:383,0
DA:385,0
DA:389,0
DA:390,0
DA:392,0
DA:393,0
DA:394,0
DA:396,0
DA:401,0
DA:404,0
DA:405,0
DA:406,0
DA:411,0
DA:412,0
DA:413,0
DA:417,0
DA:421,0
DA:422,0
DA:426,0
DA:427,0
DA:431,0
DA:432,0
DA:437,0
DA:438,0
DA:439,0
DA:440,0
DA:441,0
DA:442,0
DA:444,0
DA:447,0
DA:463,0
DA:464,0
DA:467,0
DA:468,0
DA:469,0
DA:471,0
DA:472,0
DA:474,0
DA:487,0
DA:488,0
DA:490,0
DA:499,0
DA:503,0
DA:504,0
DA:506,0
DA:507,0
DA:510,0
DA:511,0
DA:512,0
DA:513,0
DA:523,0
DA:524,0
DA:525,0
DA:526,0
DA:527,0
DA:537,0
DA:542,0
DA:544,0
DA:545,0
DA:546,0
DA:553,0
DA:557,0
DA:559,0
DA:560,0
DA:561,0
DA:568,0
DA:573,0
DA:574,0
DA:580,0
DA:581,0
DA:584,0
DA:588,0
DA:589,0
DA:591,0
DA:592,0
DA:594,0
DA:595,0
DA:596,0
DA:600,0
DA:602,0
DA:608,0
DA:613,0
DA:614,0
DA:615,0
DA:620,0
DA:621,0
DA:622,0
DA:623,0
DA:628,2
DA:629,2
DA:631,0
LF:259
LH:66
BRDA:9,0,0,0
BRDA:12,1,0,0
BRDA:12,1,1,4
BRDA:29,2,0,0
BRDA:29,3,0,11
BRDA:38,4,0,0
BRDA:42,5,0,0
BRDA:42,5,1,0
BRDA:53,6,0,4
BRDA:53,6,1,0
BRDA:59,7,0,8
BRDA:59,7,1,0
BRDA:72,8,0,4
BRDA:72,8,1,0
BRDA:87,9,0,1
BRDA:87,9,1,2
BRDA:104,10,0,1
BRDA:104,10,1,0
BRDA:119,11,0,0
BRDA:119,11,1,3
BRDA:126,12,0,1
BRDA:126,12,1,2
BRDA:134,13,0,3
BRDA:134,13,1,0
BRDA:135,14,0,2
BRDA:135,14,1,1
BRDA:137,15,0,0
BRDA:137,15,1,1
BRDA:139,16,0,1
BRDA:139,16,1,0
BRDA:141,17,0,0
BRDA:141,17,1,0
BRDA:143,18,0,0
BRDA:143,18,1,0
BRDA:158,19,0,0
BRDA:158,19,1,3
BRDA:165,20,0,1
BRDA:165,20,1,2
BRDA:170,21,0,1
BRDA:170,21,1,1
BRDA:181,22,0,1
BRDA:184,23,0,0
BRDA:184,23,1,1
BRDA:189,24,0,0
BRDA:189,24,1,1
BRDA:194,25,0,0
BRDA:194,25,1,1
BRDA:202,26,0,0
BRDA:202,26,1,1
BRDA:202,27,0,1
BRDA:202,27,1,0
BRDA:216,28,0,0
BRDA:216,28,1,0
BRDA:221,29,0,0
BRDA:221,29,1,0
BRDA:224,30,0,0
BRDA:224,30,1,0
BRDA:229,31,0,0
BRDA:229,31,1,0
BRDA:234,32,0,0
BRDA:234,32,1,0
BRDA:250,33,0,0
BRDA:250,33,1,0
BRDA:255,34,0,0
BRDA:255,34,1,0
BRDA:260,35,0,0
BRDA:260,35,1,0
BRDA:265,36,0,0
BRDA:265,36,1,0
BRDA:281,37,0,0
BRDA:281,37,1,0
BRDA:286,38,0,0
BRDA:286,38,1,0
BRDA:291,39,0,0
BRDA:291,39,1,0
BRDA:296,40,0,0
BRDA:296,40,1,0
BRDA:321,41,0,0
BRDA:321,41,1,0
BRDA:326,42,0,0
BRDA:326,42,1,0
BRDA:330,43,0,0
BRDA:330,43,1,0
BRDA:346,44,0,0
BRDA:346,44,1,0
BRDA:357,45,0,0
BRDA:357,45,1,0
BRDA:368,46,0,0
BRDA:368,46,1,0
BRDA:379,47,0,0
BRDA:379,47,1,0
BRDA:390,48,0,0
BRDA:390,48,1,0
BRDA:400,49,0,0
BRDA:404,50,0,0
BRDA:404,50,1,0
BRDA:406,51,0,0
BRDA:406,51,1,0
BRDA:411,52,0,0
BRDA:411,52,1,0
BRDA:411,53,0,0
BRDA:411,53,1,0
BRDA:420,54,0,0
BRDA:444,55,0,0
BRDA:444,55,1,0
BRDA:457,56,0,0
BRDA:457,56,1,0
BRDA:458,57,0,0
BRDA:458,57,1,0
BRDA:464,58,0,0
BRDA:464,58,1,0
BRDA:469,59,0,0
BRDA:469,59,1,0
BRDA:481,60,0,0
BRDA:481,60,1,0
BRDA:486,61,0,0
BRDA:487,62,0,0
BRDA:487,62,1,0
BRDA:488,63,0,0
BRDA:488,63,1,0
BRDA:496,64,0,0
BRDA:496,64,1,0
BRDA:504,65,0,0
BRDA:504,65,1,0
BRDA:510,66,0,0
BRDA:510,66,1,0
BRDA:510,67,0,0
BRDA:510,67,1,0
BRDA:512,68,0,0
BRDA:512,68,1,0
BRDA:524,69,0,0
BRDA:524,69,1,0
BRDA:524,70,0,0
BRDA:524,70,1,0
BRDA:526,71,0,0
BRDA:526,71,1,0
BRDA:529,72,0,0
BRDA:529,72,1,0
BRDA:572,73,0,0
BRDA:580,74,0,0
BRDA:580,74,1,0
BRDA:594,75,0,0
BRDA:594,75,1,0
BRDA:628,76,0,2
BRDA:628,76,1,0
BRDA:628,77,0,2
BRDA:628,77,1,2
BRF:147
BRH:30
end_of_record
TN:
SF:services\TaskService.js
FN:3,(anonymous_0)
FN:10,(anonymous_1)
FN:20,(anonymous_2)
FN:30,(anonymous_3)
FN:39,(anonymous_4)
FN:48,(anonymous_5)
FN:49,(anonymous_6)
FN:52,(anonymous_7)
FN:54,(anonymous_8)
FN:55,(anonymous_9)
FN:56,(anonymous_10)
FN:69,(anonymous_11)
FN:70,(anonymous_12)
FN:75,(anonymous_13)
FN:77,(anonymous_14)
FN:80,(anonymous_15)
FN:81,(anonymous_16)
FN:84,(anonymous_17)
FN:86,(anonymous_18)
FN:91,(anonymous_19)
FN:92,(anonymous_20)
FN:96,(anonymous_21)
FN:98,(anonymous_22)
FN:101,(anonymous_23)
FN:102,(anonymous_24)
FN:107,(anonymous_25)
FN:129,(anonymous_26)
FN:137,(anonymous_27)
FN:141,(anonymous_28)
FN:143,(anonymous_29)
FN:230,(anonymous_30)
FN:231,(anonymous_31)
FN:251,(anonymous_32)
FN:282,(anonymous_33)
FN:289,(anonymous_34)
FN:297,(anonymous_35)
FN:302,(anonymous_36)
FN:307,(anonymous_37)
FN:308,(anonymous_38)
FN:314,(anonymous_39)
FN:315,(anonymous_40)
FN:321,(anonymous_41)
FN:322,(anonymous_42)
FN:327,(anonymous_43)
FN:328,(anonymous_44)
FN:339,(anonymous_45)
FN:340,(anonymous_46)
FN:346,(anonymous_47)
FN:347,(anonymous_48)
FN:354,(anonymous_49)
FN:355,(anonymous_50)
FN:360,(anonymous_51)
FN:361,(anonymous_52)
FN:362,(anonymous_53)
FN:366,(anonymous_54)
FN:380,(anonymous_55)
FN:408,(anonymous_56)
FN:423,(anonymous_57)
FN:457,(anonymous_58)
FN:462,(anonymous_59)
FN:464,(anonymous_60)
FN:470,(anonymous_61)
FN:474,(anonymous_62)
FN:482,(anonymous_63)
FN:483,(anonymous_64)
FN:490,(anonymous_65)
FN:496,(anonymous_66)
FN:499,(anonymous_67)
FN:506,(anonymous_68)
FN:517,(anonymous_69)
FN:526,(anonymous_70)
FN:536,(anonymous_71)
FN:541,(anonymous_72)
FN:542,(anonymous_73)
FN:543,(anonymous_74)
FN:547,(anonymous_75)
FN:566,(anonymous_76)
FN:570,(anonymous_77)
FN:576,(anonymous_78)
FN:589,(anonymous_79)
FN:604,(anonymous_80)
FN:620,(anonymous_81)
FN:622,(anonymous_82)
FN:636,(anonymous_83)
FN:643,(anonymous_84)
FN:661,(anonymous_85)
FN:668,(anonymous_86)
FN:676,(anonymous_87)
FN:677,(anonymous_88)
FN:681,(anonymous_89)
FN:683,(anonymous_90)
FN:687,(anonymous_91)
FN:695,(anonymous_92)
FN:700,(anonymous_93)
FN:706,(anonymous_94)
FN:713,(anonymous_95)
FN:720,(anonymous_96)
FN:728,(anonymous_97)
FN:731,(anonymous_98)
FN:737,(anonymous_99)
FN:738,(anonymous_100)
FN:739,(anonymous_101)
FN:744,(anonymous_102)
FN:749,(anonymous_103)
FN:753,(anonymous_104)
FN:769,(anonymous_105)
FNF:106
FNH:56
FNDA:7,(anonymous_0)
FNDA:7,(anonymous_1)
FNDA:19,(anonymous_2)
FNDA:41,(anonymous_3)
FNDA:0,(anonymous_4)
FNDA:4,(anonymous_5)
FNDA:5,(anonymous_6)
FNDA:3,(anonymous_7)
FNDA:7,(anonymous_8)
FNDA:7,(anonymous_9)
FNDA:7,(anonymous_10)
FNDA:6,(anonymous_11)
FNDA:14,(anonymous_12)
FNDA:0,(anonymous_13)
FNDA:0,(anonymous_14)
FNDA:0,(anonymous_15)
FNDA:0,(anonymous_16)
FNDA:1,(anonymous_17)
FNDA:4,(anonymous_18)
FNDA:2,(anonymous_19)
FNDA:6,(anonymous_20)
FNDA:7,(anonymous_21)
FNDA:0,(anonymous_22)
FNDA:19,(anonymous_23)
FNDA:30,(anonymous_24)
FNDA:7,(anonymous_25)
FNDA:4,(anonymous_26)
FNDA:3,(anonymous_27)
FNDA:6,(anonymous_28)
FNDA:10,(anonymous_29)
FNDA:4,(anonymous_30)
FNDA:4,(anonymous_31)
FNDA:0,(anonymous_32)
FNDA:0,(anonymous_33)
FNDA:0,(anonymous_34)
FNDA:0,(anonymous_35)
FNDA:0,(anonymous_36)
FNDA:0,(anonymous_37)
FNDA:0,(anonymous_38)
FNDA:0,(anonymous_39)
FNDA:0,(anonymous_40)
FNDA:0,(anonymous_41)
FNDA:0,(anonymous_42)
FNDA:0,(anonymous_43)
FNDA:0,(anonymous_44)
FNDA:0,(anonymous_45)
FNDA:0,(anonymous_46)
FNDA:0,(anonymous_47)
FNDA:0,(anonymous_48)
FNDA:0,(anonymous_49)
FNDA:0,(anonymous_50)
FNDA:0,(anonymous_51)
FNDA:0,(anonymous_52)
FNDA:0,(anonymous_53)
FNDA:0,(anonymous_54)
FNDA:0,(anonymous_55)
FNDA:0,(anonymous_56)
FNDA:0,(anonymous_57)
FNDA:0,(anonymous_58)
FNDA:1,(anonymous_59)
FNDA:2,(anonymous_60)
FNDA:1,(anonymous_61)
FNDA:2,(anonymous_62)
FNDA:1,(anonymous_63)
FNDA:2,(anonymous_64)
FNDA:5,(anonymous_65)
FNDA:8,(anonymous_66)
FNDA:7,(anonymous_67)
FNDA:5,(anonymous_68)
FNDA:2,(anonymous_69)
FNDA:2,(anonymous_70)
FNDA:3,(anonymous_71)
FNDA:7,(anonymous_72)
FNDA:7,(anonymous_73)
FNDA:7,(anonymous_74)
FNDA:7,(anonymous_75)
FNDA:6,(anonymous_76)
FNDA:14,(anonymous_77)
FNDA:0,(anonymous_78)
FNDA:1,(anonymous_79)
FNDA:1,(anonymous_80)
FNDA:1,(anonymous_81)
FNDA:2,(anonymous_82)
FNDA:1,(anonymous_83)
FNDA:5,(anonymous_84)
FNDA:1,(anonymous_85)
FNDA:0,(anonymous_86)
FNDA:0,(anonymous_87)
FNDA:0,(anonymous_88)
FNDA:0,(anonymous_89)
FNDA:0,(anonymous_90)
FNDA:0,(anonymous_91)
FNDA:2,(anonymous_92)
FNDA:2,(anonymous_93)
FNDA:0,(anonymous_94)
FNDA:0,(anonymous_95)
FNDA:0,(anonymous_96)
FNDA:0,(anonymous_97)
FNDA:2,(anonymous_98)
FNDA:0,(anonymous_99)
FNDA:0,(anonymous_100)
FNDA:0,(anonymous_101)
FNDA:0,(anonymous_102)
FNDA:0,(anonymous_103)
FNDA:0,(anonymous_104)
FNDA:1,(anonymous_105)
DA:4,7
DA:5,7
DA:6,7
DA:11,7
DA:12,7
DA:13,7
DA:15,0
DA:16,0
DA:21,19
DA:22,19
DA:23,19
DA:25,0
DA:26,0
DA:31,41
DA:40,0
DA:41,0
DA:49,5
DA:53,3
DA:54,7
DA:55,7
DA:56,7
DA:57,3
DA:59,3
DA:70,6
DA:71,14
DA:76,0
DA:77,0
DA:81,0
DA:85,1
DA:86,1
DA:87,4
DA:92,6
DA:97,7
DA:98,7
DA:102,30
DA:103,19
DA:108,7
DA:109,7
DA:115,7
DA:116,7
DA:119,7
DA:120,0
DA:123,7
DA:125,0
DA:130,4
DA:131,4
DA:132,1
DA:134,3
DA:138,3
DA:142,6
DA:143,10
DA:144,6
DA:145,0
DA:148,6
DA:149,6
DA:150,6
DA:153,6
DA:158,6
DA:159,7
DA:160,5
DA:161,0
DA:162,5
DA:163,0
DA:164,5
DA:165,1
DA:166,4
DA:167,0
DA:168,4
DA:169,0
DA:170,0
DA:171,0
DA:172,4
DA:173,0
DA:174,0
DA:176,0
DA:178,4
DA:179,4
DA:180,0
DA:181,4
DA:182,4
DA:183,0
DA:184,0
DA:187,0
DA:188,0
DA:193,6
DA:196,6
DA:198,6
DA:199,0
DA:200,0
DA:201,0
DA:202,0
DA:205,0
DA:206,0
DA:207,0
DA:208,0
DA:213,6
DA:214,0
DA:216,0
DA:217,0
DA:219,0
DA:224,6
DA:226,0
DA:231,4
DA:232,4
DA:233,0
DA:236,4
DA:237,4
DA:240,4
DA:241,0
DA:242,0
DA:243,0
DA:247,4
DA:252,0
DA:253,0
DA:255,0
DA:256,0
DA:258,0
DA:259,0
DA:260,0
DA:261,0
DA:263,0
DA:266,0
DA:269,0
DA:270,0
DA:272,0
DA:273,0
DA:275,0
DA:279,0
DA:283,0
DA:290,0
DA:298,0
DA:299,0
DA:303,0
DA:304,0
DA:308,0
DA:309,0
DA:311,0
DA:315,0
DA:316,0
DA:318,0
DA:322,0
DA:323,0
DA:328,0
DA:329,0
DA:332,0
DA:333,0
DA:336,0
DA:340,0
DA:341,0
DA:343,0
DA:347,0
DA:348,0
DA:351,0
DA:355,0
DA:356,0
DA:359,0
DA:360,0
DA:361,0
DA:362,0
DA:365,0
DA:366,0
DA:367,0
DA:368,0
DA:372,0
DA:381,0
DA:382,0
DA:384,0
DA:387,0
DA:389,0
DA:390,0
DA:391,0
DA:392,0
DA:398,0
DA:399,0
DA:400,0
DA:401,0
DA:405,0
DA:409,0
DA:411,0
DA:412,0
DA:413,0
DA:420,0
DA:424,0
DA:425,0
DA:428,0
DA:429,0
DA:431,0
DA:434,0
DA:435,0
DA:439,0
DA:440,0
DA:443,0
DA:445,0
DA:446,0
DA:447,0
DA:454,0
DA:458,0
DA:459,0
DA:463,1
DA:464,1
DA:465,2
DA:467,1
DA:471,1
DA:472,1
DA:474,1
DA:475,2
DA:479,1
DA:483,1
DA:484,2
DA:486,1
DA:491,5
DA:492,1
DA:495,4
DA:496,4
DA:497,8
DA:499,7
DA:502,4
DA:507,5
DA:509,5
DA:511,1
DA:513,1
DA:515,1
DA:517,1
DA:518,2
DA:519,2
DA:520,2
DA:521,2
DA:522,2
DA:523,2
DA:526,1
DA:527,2
DA:528,2
DA:531,0
DA:537,3
DA:540,3
DA:541,7
DA:542,7
DA:543,7
DA:546,3
DA:547,3
DA:548,7
DA:549,0
DA:553,3
DA:554,3
DA:556,3
DA:567,6
DA:568,6
DA:570,6
DA:571,14
DA:577,0
DA:578,0
DA:580,0
DA:590,1
DA:592,1
DA:593,3
DA:594,3
DA:601,1
DA:605,1
DA:607,1
DA:608,3
DA:609,3
DA:616,1
DA:621,1
DA:622,2
DA:628,1
DA:629,1
DA:633,0
DA:637,1
DA:638,1
DA:640,1
DA:641,3
DA:643,5
DA:644,1
DA:645,1
DA:649,1
DA:651,1
DA:657,0
DA:662,1
DA:663,1
DA:664,1
DA:669,0
DA:670,0
DA:671,0
DA:673,0
DA:677,0
DA:678,0
DA:682,0
DA:684,0
DA:685,0
DA:687,0
DA:692,0
DA:696,2
DA:698,2
DA:700,1
DA:701,2
DA:703,1
DA:705,0
DA:706,0
DA:707,0
DA:708,0
DA:710,0
DA:713,0
DA:714,0
DA:716,0
DA:718,0
DA:719,0
DA:720,0
DA:721,0
DA:722,0
DA:723,0
DA:725,0
DA:728,0
DA:729,0
DA:731,2
DA:734,2
DA:738,0
DA:739,0
DA:740,0
DA:743,0
DA:744,0
DA:745,0
DA:746,0
DA:749,0
DA:750,0
DA:753,0
DA:754,0
DA:757,0
DA:770,1
DA:771,1
DA:773,1
DA:774,1
DA:776,1
DA:784,2
DA:785,2
DA:787,0
LF:335
LH:158
BRDA:3,0,0,0
BRDA:10,1,0,0
BRDA:13,2,0,0
BRDA:13,2,1,7
BRDA:30,3,0,0
BRDA:30,4,0,40
BRDA:39,5,0,0
BRDA:43,6,0,0
BRDA:43,6,1,0
BRDA:65,7,0,3
BRDA:65,7,1,0
BRDA:71,8,0,14
BRDA:71,8,1,4
BRDA:76,9,0,0
BRDA:76,9,1,0
BRDA:87,10,0,4
BRDA:87,10,1,0
BRDA:87,11,0,4
BRDA:87,11,1,0
BRDA:91,12,0,0
BRDA:119,13,0,0
BRDA:119,13,1,7
BRDA:119,14,0,7
BRDA:119,14,1,0
BRDA:131,15,0,1
BRDA:131,15,1,3
BRDA:144,16,0,0
BRDA:144,16,1,6
BRDA:159,17,0,5
BRDA:159,17,1,2
BRDA:160,18,0,0
BRDA:160,18,1,5
BRDA:162,19,0,0
BRDA:162,19,1,5
BRDA:164,20,0,1
BRDA:164,20,1,4
BRDA:166,21,0,0
BRDA:166,21,1,4
BRDA:168,22,0,0
BRDA:168,22,1,4
BRDA:172,23,0,0
BRDA:172,23,1,4
BRDA:173,24,0,0
BRDA:173,24,1,0
BRDA:178,25,0,4
BRDA:178,25,1,0
BRDA:179,26,0,0
BRDA:179,26,1,4
BRDA:181,27,0,4
BRDA:181,27,1,0
BRDA:183,28,0,0
BRDA:183,28,1,0
BRDA:196,29,0,6
BRDA:196,29,1,0
BRDA:198,30,0,0
BRDA:198,30,1,6
BRDA:199,31,0,0
BRDA:199,31,1,0
BRDA:201,32,0,0
BRDA:201,32,1,0
BRDA:205,33,0,0
BRDA:205,33,1,0
BRDA:207,34,0,0
BRDA:207,34,1,0
BRDA:213,35,0,0
BRDA:213,35,1,6
BRDA:213,36,0,6
BRDA:213,36,1,0
BRDA:214,37,0,0
BRDA:214,37,1,0
BRDA:214,38,0,0
BRDA:214,38,1,0
BRDA:217,39,0,0
BRDA:217,39,1,0
BRDA:217,40,0,0
BRDA:217,40,1,0
BRDA:232,41,0,0
BRDA:232,41,1,4
BRDA:240,42,0,0
BRDA:240,42,1,4
BRDA:240,43,0,4
BRDA:240,43,1,0
BRDA:242,44,0,0
BRDA:242,44,1,0
BRDA:251,45,0,0
BRDA:253,46,0,0
BRDA:253,46,1,0
BRDA:258,47,0,0
BRDA:258,47,1,0
BRDA:260,48,0,0
BRDA:260,48,1,0
BRDA:269,49,0,0
BRDA:269,49,1,0
BRDA:269,50,0,0
BRDA:269,50,1,0
BRDA:269,50,2,0
BRDA:270,51,0,0
BRDA:270,51,1,0
BRDA:270,52,0,0
BRDA:270,52,1,0
BRDA:273,53,0,0
BRDA:273,53,1,0
BRDA:273,54,0,0
BRDA:273,54,1,0
BRDA:282,55,0,0
BRDA:289,56,0,0
BRDA:332,57,0,0
BRDA:332,57,1,0
BRDA:341,58,0,0
BRDA:341,58,1,0
BRDA:348,59,0,0
BRDA:348,59,1,0
BRDA:348,59,2,0
BRDA:367,60,0,0
BRDA:367,60,1,0
BRDA:368,61,0,0
BRDA:368,61,1,0
BRDA:382,62,0,0
BRDA:382,62,1,0
BRDA:387,63,0,0
BRDA:387,63,1,0
BRDA:387,64,0,0
BRDA:387,64,1,0
BRDA:389,65,0,0
BRDA:389,65,1,0
BRDA:389,66,0,0
BRDA:389,66,1,0
BRDA:391,67,0,0
BRDA:391,67,1,0
BRDA:391,68,0,0
BRDA:391,68,1,0
BRDA:398,69,0,0
BRDA:398,69,1,0
BRDA:398,70,0,0
BRDA:398,70,1,0
BRDA:400,71,0,0
BRDA:400,71,1,0
BRDA:400,72,0,0
BRDA:400,72,1,0
BRDA:424,73,0,0
BRDA:424,73,1,0
BRDA:429,74,0,0
BRDA:429,74,1,0
BRDA:434,75,0,0
BRDA:434,75,1,0
BRDA:439,76,0,0
BRDA:439,76,1,0
BRDA:465,77,0,2
BRDA:465,77,1,2
BRDA:470,78,0,0
BRDA:475,79,0,2
BRDA:475,79,1,2
BRDA:475,79,2,2
BRDA:491,80,0,1
BRDA:491,80,1,4
BRDA:491,81,0,5
BRDA:491,81,1,5
BRDA:497,82,0,8
BRDA:497,82,1,6
BRDA:497,82,2,5
BRDA:506,83,0,0
BRDA:506,84,0,3
BRDA:509,85,0,1
BRDA:509,85,1,1
BRDA:509,85,2,1
BRDA:509,85,3,1
BRDA:509,85,4,1
BRDA:509,85,5,0
BRDA:518,86,0,0
BRDA:518,86,1,2
BRDA:518,87,0,2
BRDA:518,87,1,0
BRDA:519,88,0,0
BRDA:519,88,1,2
BRDA:520,89,0,0
BRDA:520,89,1,2
BRDA:523,90,0,0
BRDA:523,90,1,2
BRDA:528,91,0,0
BRDA:528,91,1,2
BRDA:548,92,0,0
BRDA:548,92,1,7
BRDA:549,93,0,0
BRDA:549,93,1,0
BRDA:571,94,0,14
BRDA:571,94,1,2
BRDA:620,95,0,0
BRDA:628,96,0,1
BRDA:628,96,1,0
BRDA:643,97,0,1
BRDA:643,97,1,2
BRDA:668,98,0,0
BRDA:670,99,0,0
BRDA:670,99,1,0
BRDA:685,100,0,0
BRDA:685,100,1,0
BRDA:695,101,0,0
BRDA:698,102,0,1
BRDA:698,102,1,0
BRDA:698,102,2,0
BRDA:698,102,3,0
BRDA:698,102,4,0
BRDA:698,102,5,1
BRDA:701,103,0,2
BRDA:701,103,1,2
BRDA:701,103,2,2
BRDA:707,104,0,0
BRDA:707,104,1,0
BRDA:707,105,0,0
BRDA:707,105,1,0
BRDA:714,106,0,0
BRDA:714,106,1,0
BRDA:714,106,2,0
BRDA:721,107,0,0
BRDA:721,107,1,0
BRDA:721,108,0,0
BRDA:721,108,1,0
BRDA:723,109,0,0
BRDA:723,109,1,0
BRDA:740,110,0,0
BRDA:740,110,1,0
BRDA:740,110,2,0
BRDA:745,111,0,0
BRDA:745,111,1,0
BRDA:745,112,0,0
BRDA:745,112,1,0
BRDA:750,113,0,0
BRDA:750,113,1,0
BRDA:750,113,2,0
BRDA:754,114,0,0
BRDA:754,114,1,0
BRDA:764,115,0,0
BRDA:764,115,1,0
BRDA:771,116,0,0
BRDA:771,116,1,1
BRDA:784,117,0,2
BRDA:784,117,1,0
BRDA:784,118,0,2
BRDA:784,118,1,2
BRF:239
BRH:70
end_of_record
